[[1;34mINFO[m] Scanning for projects...
[[1;34mINFO[m] 
[[1;34mINFO[m] [1m--------------------< [0;36mcom.olivtopa:safetynetalerts[0;1m >--------------------[m
[[1;34mINFO[m] [1mBuilding Safety Net Alerts 0.0.1-SNAPSHOT[m
[[1;34mINFO[m] [1m--------------------------------[ jar ]---------------------------------[m
[[1;34mINFO[m] 
[[1;34mINFO[m] [1m--- [0;32mmaven-dependency-plugin:3.1.2:tree[m [1m(default-cli)[m @ [36msafetynetalerts[0;1m ---[m
[[1;34mINFO[m] com.olivtopa:safetynetalerts:jar:0.0.1-SNAPSHOT
[[1;34mINFO[m] +- org.springframework.boot:spring-boot-starter-actuator:jar:2.5.2:compile
[[1;34mINFO[m] |  +- org.springframework.boot:spring-boot-starter:jar:2.5.2:compile
[[1;34mINFO[m] |  |  +- org.springframework.boot:spring-boot:jar:2.5.2:compile
[[1;34mINFO[m] |  |  +- org.springframework.boot:spring-boot-autoconfigure:jar:2.5.2:compile
[[1;34mINFO[m] |  |  +- org.springframework.boot:spring-boot-starter-logging:jar:2.5.2:compile
[[1;34mINFO[m] |  |  |  +- ch.qos.logback:logback-classic:jar:1.2.3:compile
[[1;34mINFO[m] |  |  |  |  \- ch.qos.logback:logback-core:jar:1.2.3:compile
[[1;34mINFO[m] |  |  |  +- org.apache.logging.log4j:log4j-to-slf4j:jar:2.14.1:compile
[[1;34mINFO[m] |  |  |  |  \- org.apache.logging.log4j:log4j-api:jar:2.14.1:compile
[[1;34mINFO[m] |  |  |  \- org.slf4j:jul-to-slf4j:jar:1.7.31:compile
[[1;34mINFO[m] |  |  +- jakarta.annotation:jakarta.annotation-api:jar:1.3.5:compile
[[1;34mINFO[m] |  |  \- org.yaml:snakeyaml:jar:1.28:compile
[[1;34mINFO[m] |  +- org.springframework.boot:spring-boot-actuator-autoconfigure:jar:2.5.2:compile
[[1;34mINFO[m] |  |  +- org.springframework.boot:spring-boot-actuator:jar:2.5.2:compile
[[1;34mINFO[m] |  |  +- com.fasterxml.jackson.core:jackson-databind:jar:2.12.3:compile
[[1;34mINFO[m] |  |  |  +- com.fasterxml.jackson.core:jackson-annotations:jar:2.12.3:compile
[[1;34mINFO[m] |  |  |  \- com.fasterxml.jackson.core:jackson-core:jar:2.12.3:compile
[[1;34mINFO[m] |  |  \- com.fasterxml.jackson.datatype:jackson-datatype-jsr310:jar:2.12.3:compile
[[1;34mINFO[m] |  \- io.micrometer:micrometer-core:jar:1.7.1:compile
[[1;34mINFO[m] |     +- org.hdrhistogram:HdrHistogram:jar:2.1.12:compile
[[1;34mINFO[m] |     \- org.latencyutils:LatencyUtils:jar:2.0.3:runtime
[[1;34mINFO[m] +- org.springframework.boot:spring-boot-starter-web:jar:2.5.2:compile
[[1;34mINFO[m] |  +- org.springframework.boot:spring-boot-starter-json:jar:2.5.2:compile
[[1;34mINFO[m] |  |  +- com.fasterxml.jackson.datatype:jackson-datatype-jdk8:jar:2.12.3:compile
[[1;34mINFO[m] |  |  \- com.fasterxml.jackson.module:jackson-module-parameter-names:jar:2.12.3:compile
[[1;34mINFO[m] |  +- org.springframework.boot:spring-boot-starter-tomcat:jar:2.5.2:compile
[[1;34mINFO[m] |  |  +- org.apache.tomcat.embed:tomcat-embed-core:jar:9.0.48:compile
[[1;34mINFO[m] |  |  +- org.apache.tomcat.embed:tomcat-embed-el:jar:9.0.48:compile
[[1;34mINFO[m] |  |  \- org.apache.tomcat.embed:tomcat-embed-websocket:jar:9.0.48:compile
[[1;34mINFO[m] |  +- org.springframework:spring-web:jar:5.3.8:compile
[[1;34mINFO[m] |  |  \- org.springframework:spring-beans:jar:5.3.8:compile
[[1;34mINFO[m] |  \- org.springframework:spring-webmvc:jar:5.3.8:compile
[[1;34mINFO[m] |     +- org.springframework:spring-aop:jar:5.3.8:compile
[[1;34mINFO[m] |     +- org.springframework:spring-context:jar:5.3.8:compile
[[1;34mINFO[m] |     \- org.springframework:spring-expression:jar:5.3.8:compile
[[1;34mINFO[m] \- org.springframework.boot:spring-boot-starter-test:jar:2.5.2:test
[[1;34mINFO[m]    +- org.springframework.boot:spring-boot-test:jar:2.5.2:test
[[1;34mINFO[m]    +- org.springframework.boot:spring-boot-test-autoconfigure:jar:2.5.2:test
[[1;34mINFO[m]    +- com.jayway.jsonpath:json-path:jar:2.5.0:test
[[1;34mINFO[m]    |  +- net.minidev:json-smart:jar:2.4.7:test
[[1;34mINFO[m]    |  |  \- net.minidev:accessors-smart:jar:2.4.7:test
[[1;34mINFO[m]    |  |     \- org.ow2.asm:asm:jar:9.1:test
[[1;34mINFO[m]    |  \- org.slf4j:slf4j-api:jar:1.7.31:compile
[[1;34mINFO[m]    +- jakarta.xml.bind:jakarta.xml.bind-api:jar:2.3.3:test
[[1;34mINFO[m]    |  \- jakarta.activation:jakarta.activation-api:jar:1.2.2:test
[[1;34mINFO[m]    +- org.assertj:assertj-core:jar:3.19.0:test
[[1;34mINFO[m]    +- org.hamcrest:hamcrest:jar:2.2:test
[[1;34mINFO[m]    +- org.junit.jupiter:junit-jupiter:jar:5.7.2:test
[[1;34mINFO[m]    |  +- org.junit.jupiter:junit-jupiter-api:jar:5.7.2:test
[[1;34mINFO[m]    |  |  +- org.apiguardian:apiguardian-api:jar:1.1.0:test
[[1;34mINFO[m]    |  |  +- org.opentest4j:opentest4j:jar:1.2.0:test
[[1;34mINFO[m]    |  |  \- org.junit.platform:junit-platform-commons:jar:1.7.2:test
[[1;34mINFO[m]    |  +- org.junit.jupiter:junit-jupiter-params:jar:5.7.2:test
[[1;34mINFO[m]    |  \- org.junit.jupiter:junit-jupiter-engine:jar:5.7.2:test
[[1;34mINFO[m]    |     \- org.junit.platform:junit-platform-engine:jar:1.7.2:test
[[1;34mINFO[m]    +- org.mockito:mockito-core:jar:3.9.0:test
[[1;34mINFO[m]    |  +- net.bytebuddy:byte-buddy:jar:1.10.22:test
[[1;34mINFO[m]    |  +- net.bytebuddy:byte-buddy-agent:jar:1.10.22:test
[[1;34mINFO[m]    |  \- org.objenesis:objenesis:jar:3.2:test
[[1;34mINFO[m]    +- org.mockito:mockito-junit-jupiter:jar:3.9.0:test
[[1;34mINFO[m]    +- org.skyscreamer:jsonassert:jar:1.5.0:test
[[1;34mINFO[m]    |  \- com.vaadin.external.google:android-json:jar:0.0.20131108.vaadin1:test
[[1;34mINFO[m]    +- org.springframework:spring-core:jar:5.3.8:compile
[[1;34mINFO[m]    |  \- org.springframework:spring-jcl:jar:5.3.8:compile
[[1;34mINFO[m]    +- org.springframework:spring-test:jar:5.3.8:test
[[1;34mINFO[m]    \- org.xmlunit:xmlunit-core:jar:2.8.2:test
[[1;34mINFO[m] [1m------------------------------------------------------------------------[m
[[1;34mINFO[m] [1;32mBUILD SUCCESS[m
[[1;34mINFO[m] [1m------------------------------------------------------------------------[m
[[1;34mINFO[m] Total time:  3.017 s
[[1;34mINFO[m] Finished at: 2021-07-16T13:13:30+02:00
[[1;34mINFO[m] [1m------------------------------------------------------------------------[m
